<?xml version="1.0" encoding="UTF-8"?>
<!-- Generated by org.testng.reporters.JUnitReportReporter -->
<testsuite hostname="DESKTOP-3FMFJR9" failures="0" tests="4" name="Appivo.Automation_Assignment.ErrorValidationTest" time="64.631" errors="0" timestamp="2023-07-05T19:12:59 IST" skipped="0">
  <testcase classname="Appivo.Automation_Assignment.ErrorValidationTest" name="invalidProductResult" time="18.186"/>
  <system-out/>
  <testcase classname="Appivo.Automation_Assignment.ErrorValidationTest" name="invalidSearchResult" time="12.928"/>
  <system-out/>
  <testcase classname="Appivo.Automation_Assignment.ErrorValidationTest" name="invalidSearchResult" time="6.806"/>
  <system-out/>
  <testcase classname="Appivo.Automation_Assignment.ErrorValidationTest" name="invalidProductResult" time="26.711"/>
  <system-out/>
</testsuite> <!-- Appivo.Automation_Assignment.ErrorValidationTest -->
