<?xml version="1.0" encoding="UTF-8"?>
<!-- Generated by org.testng.reporters.JUnitReportReporter -->
<testsuite hostname="DESKTOP-3FMFJR9" failures="0" tests="1" name="Appivo.Automation_Assignment.StandAloneTest" time="22.404" errors="0" timestamp="2023-07-05T19:12:59 IST" skipped="0">
  <testcase classname="Appivo.Automation_Assignment.StandAloneTest" name="standAlone" time="22.404"/>
  <system-out/>
</testsuite> <!-- Appivo.Automation_Assignment.StandAloneTest -->
