<?xml version="1.0" encoding="UTF-8"?>
<!-- Generated by org.testng.reporters.JUnitReportReporter -->
<testsuite hostname="DESKTOP-3FMFJR9" failures="0" tests="1" name="Appivo.Automation_Assignment.assignmentStandAlone" time="28.096" errors="0" timestamp="2023-07-05T14:45:12 IST" skipped="0">
  <testcase classname="Appivo.Automation_Assignment.assignmentStandAlone" name="standAlone" time="28.096"/>
  <system-out/>
</testsuite> <!-- Appivo.Automation_Assignment.assignmentStandAlone -->
