<?xml version="1.0" encoding="UTF-8"?>
<!-- Generated by org.testng.reporters.JUnitReportReporter -->
<testsuite hostname="DESKTOP-3FMFJR9" failures="0" tests="1" name="Appivo.Automation_Assignment.ErrorValidationTest" time="9.856" errors="0" timestamp="2023-07-06T07:15:45 IST" skipped="0">
  <testcase classname="Appivo.Automation_Assignment.ErrorValidationTest" name="invalidSearchResult" time="9.856"/>
  <system-out/>
</testsuite> <!-- Appivo.Automation_Assignment.ErrorValidationTest -->
